<?xml version="1.0" encoding="UTF-8"?>
<!-- Generated by org.testng.reporters.JUnitXMLReporter -->
<testsuite hostname="MX-IT00121" name="Default test" tests="6" failures="0" timestamp="5 Apr 2018 14:52:34 GMT" time="4.519" errors="0">
  <testcase name="testJsonResponseValidationPosts" time="2.314" classname="TaeAutomation.AssuredTraining.RestAssuredTest2"/>
  <testcase name="testJsonResponseValidationPosts" time="0.736" classname="TaeAutomation.AssuredTraining.RestAssuredTest2"/>
  <testcase name="testJsonResponseValidationPosts" time="0.234" classname="TaeAutomation.AssuredTraining.RestAssuredTest2"/>
  <testcase name="testJsonResponseValidationPosts" time="0.761" classname="TaeAutomation.AssuredTraining.RestAssuredTest2"/>
  <testcase name="testJsonResponseValidationPosts" time="0.203" classname="TaeAutomation.AssuredTraining.RestAssuredTest2"/>
  <testcase name="testJsonResponseValidationPosts" time="0.218" classname="TaeAutomation.AssuredTraining.RestAssuredTest2"/>
</testsuite> <!-- Default test -->
