<?xml version="1.0" encoding="UTF-8"?>
<!-- Generated by org.testng.reporters.JUnitXMLReporter -->
<testsuite hostname="MX-IT00121" name="testAssuredParte2" tests="11" failures="0" timestamp="11 Apr 2018 08:10:12 GMT" time="6.537" errors="0">
  <testcase name="testJsonResponseCompare" time="2.107" classname="TaeAutomation.AssuredTraining.RestAssuredTestParte2"/>
  <testcase name="testJsonResponseCompare" time="0.133" classname="TaeAutomation.AssuredTraining.RestAssuredTestParte2"/>
  <testcase name="testJsonResponseCompare" time="0.146" classname="TaeAutomation.AssuredTraining.RestAssuredTestParte2"/>
  <testcase name="testJsonResponseValidationPosts" time="1.027" classname="TaeAutomation.AssuredTraining.RestAssuredTestParte2"/>
  <testcase name="testJsonResponseValidationPosts" time="0.527" classname="TaeAutomation.AssuredTraining.RestAssuredTestParte2"/>
  <testcase name="testJsonResponseValidationPosts" time="0.335" classname="TaeAutomation.AssuredTraining.RestAssuredTestParte2"/>
  <testcase name="testJsonResponseValidationPosts" time="1.026" classname="TaeAutomation.AssuredTraining.RestAssuredTestParte2"/>
  <testcase name="testJsonResponseValidationPosts" time="0.298" classname="TaeAutomation.AssuredTraining.RestAssuredTestParte2"/>
  <testcase name="testJsonResponseValidationPosts" time="0.329" classname="TaeAutomation.AssuredTraining.RestAssuredTestParte2"/>
  <testcase name="testParamsPosts" time="0.287" classname="TaeAutomation.AssuredTraining.RestAssuredTestParte2"/>
  <testcase name="testParamsPosts" time="0.258" classname="TaeAutomation.AssuredTraining.RestAssuredTestParte2"/>
</testsuite> <!-- testAssuredParte2 -->
