<?xml version="1.0" encoding="UTF-8"?>
<!-- Generated by org.testng.reporters.JUnitXMLReporter -->
<testsuite hostname="MX-IT00121" name="testAssuredParte1" tests="6" failures="0" timestamp="11 Apr 2018 07:55:08 GMT" time="32.772" errors="0">
  <testcase name="testResources" time="7.987" classname="TaeAutomation.AssuredTraining.RestAssuredTestParte1"/>
  <testcase name="testResources" time="5.635" classname="TaeAutomation.AssuredTraining.RestAssuredTestParte1"/>
  <testcase name="testResources" time="2.329" classname="TaeAutomation.AssuredTraining.RestAssuredTestParte1"/>
  <testcase name="testResources" time="7.347" classname="TaeAutomation.AssuredTraining.RestAssuredTestParte1"/>
  <testcase name="testResources" time="5.095" classname="TaeAutomation.AssuredTraining.RestAssuredTestParte1"/>
  <testcase name="testResources" time="4.355" classname="TaeAutomation.AssuredTraining.RestAssuredTestParte1"/>
</testsuite> <!-- testAssuredParte1 -->
