<?xml version="1.0" encoding="UTF-8"?>
<testng-results skipped="0" failed="0" total="2" passed="2">
  <reporter-output>
  </reporter-output>
  <suite name="Default suite" duration-ms="3415" started-at="2018-04-12T16:56:33Z" finished-at="2018-04-12T16:56:37Z">
    <groups>
    </groups>
    <test name="Default test" duration-ms="3415" started-at="2018-04-12T16:56:33Z" finished-at="2018-04-12T16:56:37Z">
      <class name="TaeAutomation.AssuredTraining.RestAssuredTestParte2">
        <test-method status="PASS" signature="testParamsPosts(java.lang.String)[pri:0, instance:TaeAutomation.AssuredTraining.RestAssuredTestParte2@47c62251]" name="testParamsPosts" duration-ms="2703" started-at="2018-04-12T11:56:34Z" data-provider="DataProviderFilterParams" finished-at="2018-04-12T11:56:36Z">
          <params>
            <param index="0">
              <value>
                <![CDATA[https://jsonplaceholder.typicode.com/comments]]>
              </value>
            </param>
          </params>
          <reporter-output>
          </reporter-output>
        </test-method> <!-- testParamsPosts -->
        <test-method status="PASS" signature="testParamsPosts(java.lang.String)[pri:0, instance:TaeAutomation.AssuredTraining.RestAssuredTestParte2@47c62251]" name="testParamsPosts" duration-ms="682" started-at="2018-04-12T11:56:36Z" data-provider="DataProviderFilterParams" finished-at="2018-04-12T11:56:37Z">
          <params>
            <param index="0">
              <value>
                <![CDATA[https://jsonplaceholder.typicode.com/posts]]>
              </value>
            </param>
          </params>
          <reporter-output>
          </reporter-output>
        </test-method> <!-- testParamsPosts -->
      </class> <!-- TaeAutomation.AssuredTraining.RestAssuredTestParte2 -->
    </test> <!-- Default test -->
  </suite> <!-- Default suite -->
</testng-results>
